<?xml version="1.0" encoding="UTF-8"?>
<!-- Generated by org.testng.reporters.JUnitReportReporter -->
<testsuite hostname="Zeeshans-MacBook-Pro.local" failures="0" tests="6" name="edu.brown.cs.student.TestSearchAndParse" time="0.194" errors="0" timestamp="2023-02-05T16:48:30 EST" skipped="0">
  <testcase classname="edu.brown.cs.student.TestSearchAndParse" name="testSearchWithNoColID" time="0.038"/>
  <system-out/>
  <testcase classname="edu.brown.cs.student.TestSearchAndParse" name="testDuplicateInputs" time="0.000"/>
  <system-out/>
  <testcase classname="edu.brown.cs.student.TestSearchAndParse" name="testWrongCol" time="0.030"/>
  <system-out/>
  <testcase classname="edu.brown.cs.student.TestSearchAndParse" name="testBasicSearch" time="0.089"/>
  <system-out/>
  <testcase classname="edu.brown.cs.student.TestSearchAndParse" name="testBasicSearchError" time="0.037"/>
  <system-out/>
  <testcase classname="edu.brown.cs.student.TestSearchAndParse" name="testBasicSearch2" time="0.000"/>
  <system-out/>
</testsuite> <!-- edu.brown.cs.student.TestSearchAndParse -->
