<?xml version="1.0" encoding="UTF-8"?>
<!-- Generated by org.testng.reporters.JUnitReportReporter -->
<testsuite hostname="Zeeshans-MacBook-Pro.local" failures="0" tests="3" name="edu.brown.cs.student.TestParseAndCreatorFromRow" time="0.023" errors="0" timestamp="2023-02-05T16:48:30 EST" skipped="0">
  <testcase classname="edu.brown.cs.student.TestParseAndCreatorFromRow" name="testCreatorFromRow2" time="0.007"/>
  <system-out/>
  <testcase classname="edu.brown.cs.student.TestParseAndCreatorFromRow" name="testParseStringReader" time="0.015"/>
  <system-out/>
  <testcase classname="edu.brown.cs.student.TestParseAndCreatorFromRow" name="testGetRowAndCreatorFromRow" time="0.001"/>
  <system-out/>
</testsuite> <!-- edu.brown.cs.student.TestParseAndCreatorFromRow -->
